::1 - - [24/Nov/2025 19:21:36] "HEAD / HTTP/1.1" 200 -
::1 - - [24/Nov/2025 19:21:40] "GET / HTTP/1.1" 200 -
::1 - - [24/Nov/2025 19:21:40] "GET /css/linearicons.css HTTP/1.1" 304 -
::1 - - [24/Nov/2025 19:21:40] "GET /css/font-awesome.min.css HTTP/1.1" 304 -
::1 - - [24/Nov/2025 19:21:40] "GET /css/bootstrap.css HTTP/1.1" 304 -
::1 - - [24/Nov/2025 19:21:40] "GET /css/magnific-popup.css HTTP/1.1" 304 -
::1 - - [24/Nov/2025 19:21:40] "GET /css/animate.min.css HTTP/1.1" 304 -
::1 - - [24/Nov/2025 19:21:40] "GET /css/owl.carousel.css HTTP/1.1" 304 -
::1 - - [24/Nov/2025 19:21:40] "GET /css/nice-select.css HTTP/1.1" 304 -
::1 - - [24/Nov/2025 19:21:40] "GET /css/main.css HTTP/1.1" 200 -
::1 - - [24/Nov/2025 19:21:40] "GET /img/AshuImg.jpg HTTP/1.1" 304 -
::1 - - [24/Nov/2025 19:21:40] "GET /js/popper.min.js HTTP/1.1" 304 -
::1 - - [24/Nov/2025 19:21:40] "GET /js/vendor/jquery-2.2.4.min.js HTTP/1.1" 304 -
::1 - - [24/Nov/2025 19:21:40] "GET /js/vendor/bootstrap.min.js HTTP/1.1" 304 -
::1 - - [24/Nov/2025 19:21:40] "GET /js/easing.min.js HTTP/1.1" 304 -
::1 - - [24/Nov/2025 19:21:40] "GET /js/hoverIntent.js HTTP/1.1" 304 -
::1 - - [24/Nov/2025 19:21:40] "GET /js/superfish.min.js HTTP/1.1" 304 -
::1 - - [24/Nov/2025 19:21:40] "GET /js/jquery.ajaxchimp.min.js HTTP/1.1" 304 -
::1 - - [24/Nov/2025 19:21:40] "GET /js/jquery.magnific-popup.min.js HTTP/1.1" 304 -
::1 - - [24/Nov/2025 19:21:40] "GET /js/jquery.tabs.min.js HTTP/1.1" 304 -
::1 - - [24/Nov/2025 19:21:40] "GET /js/jquery.nice-select.min.js HTTP/1.1" 304 -
::1 - - [24/Nov/2025 19:21:40] "GET /js/isotope.pkgd.min.js HTTP/1.1" 304 -
::1 - - [24/Nov/2025 19:21:40] "GET /js/waypoints.min.js HTTP/1.1" 304 -
::1 - - [24/Nov/2025 19:21:40] "GET /js/jquery.counterup.min.js HTTP/1.1" 304 -
::1 - - [24/Nov/2025 19:21:40] "GET /js/owl.carousel.min.js HTTP/1.1" 304 -
::1 - - [24/Nov/2025 19:21:40] "GET /js/mail-script.js HTTP/1.1" 304 -
::1 - - [24/Nov/2025 19:21:40] "GET /js/simple-skillbar.js HTTP/1.1" 304 -
::1 - - [24/Nov/2025 19:21:40] "GET /js/main.js HTTP/1.1" 304 -
::1 - - [24/Nov/2025 19:21:40] "GET /fonts/fontawesome-webfont.woff2?v=4.7.0 HTTP/1.1" 304 -
::1 - - [24/Nov/2025 19:21:40] "GET /favicon.svg HTTP/1.1" 304 -
::1 - - [24/Nov/2025 19:21:40] "GET /site.webmanifest HTTP/1.1" 304 -
::1 - - [24/Nov/2025 19:21:40] "GET /apple-touch-icon.png HTTP/1.1" 304 -
::1 - - [24/Nov/2025 19:21:40] "GET /favicon.ico HTTP/1.1" 304 -
::1 - - [24/Nov/2025 19:22:22] "GET /docs/Ashutosh_Resume.pdf HTTP/1.1" 304 -
::1 - - [24/Nov/2025 19:23:14] "GET / HTTP/1.1" 304 -
::1 - - [24/Nov/2025 19:23:14] "GET /css/main.css HTTP/1.1" 304 -
::1 - - [24/Nov/2025 19:25:07] "GET / HTTP/1.1" 304 -
::1 - - [24/Nov/2025 19:25:07] "GET /css/main.css HTTP/1.1" 304 -
::1 - - [24/Nov/2025 19:25:09] "GET / HTTP/1.1" 304 -
::1 - - [24/Nov/2025 19:25:10] "GET / HTTP/1.1" 304 -
::1 - - [24/Nov/2025 19:25:10] "GET / HTTP/1.1" 304 -
::1 - - [24/Nov/2025 19:25:38] "GET / HTTP/1.1" 304 -
::1 - - [24/Nov/2025 19:25:42] "GET / HTTP/1.1" 200 -
::1 - - [24/Nov/2025 19:25:42] "GET /css/linearicons.css HTTP/1.1" 200 -
::1 - - [24/Nov/2025 19:25:42] "GET /css/font-awesome.min.css HTTP/1.1" 200 -
::1 - - [24/Nov/2025 19:25:42] "GET /css/nice-select.css HTTP/1.1" 200 -
::1 - - [24/Nov/2025 19:25:42] "GET /css/bootstrap.css HTTP/1.1" 200 -
::1 - - [24/Nov/2025 19:25:42] "GET /css/animate.min.css HTTP/1.1" 200 -
::1 - - [24/Nov/2025 19:25:42] "GET /css/owl.carousel.css HTTP/1.1" 200 -
::1 - - [24/Nov/2025 19:25:42] "GET /css/magnific-popup.css HTTP/1.1" 200 -
::1 - - [24/Nov/2025 19:25:42] "GET /css/main.css HTTP/1.1" 200 -
::1 - - [24/Nov/2025 19:25:42] "GET /img/AshuImg.jpg HTTP/1.1" 200 -
::1 - - [24/Nov/2025 19:25:42] "GET /js/popper.min.js HTTP/1.1" 200 -
::1 - - [24/Nov/2025 19:25:42] "GET /js/vendor/jquery-2.2.4.min.js HTTP/1.1" 200 -
::1 - - [24/Nov/2025 19:25:42] "GET /js/vendor/bootstrap.min.js HTTP/1.1" 200 -
::1 - - [24/Nov/2025 19:25:42] "GET /js/easing.min.js HTTP/1.1" 200 -
::1 - - [24/Nov/2025 19:25:42] "GET /js/hoverIntent.js HTTP/1.1" 200 -
::1 - - [24/Nov/2025 19:25:42] "GET /js/superfish.min.js HTTP/1.1" 200 -
::1 - - [24/Nov/2025 19:25:42] "GET /js/jquery.ajaxchimp.min.js HTTP/1.1" 200 -
::1 - - [24/Nov/2025 19:25:42] "GET /js/jquery.magnific-popup.min.js HTTP/1.1" 200 -
::1 - - [24/Nov/2025 19:25:42] "GET /js/jquery.nice-select.min.js HTTP/1.1" 200 -
::1 - - [24/Nov/2025 19:25:42] "GET /js/jquery.tabs.min.js HTTP/1.1" 200 -
::1 - - [24/Nov/2025 19:25:42] "GET /js/isotope.pkgd.min.js HTTP/1.1" 200 -
::1 - - [24/Nov/2025 19:25:42] "GET /js/waypoints.min.js HTTP/1.1" 200 -
::1 - - [24/Nov/2025 19:25:42] "GET /js/jquery.counterup.min.js HTTP/1.1" 200 -
::1 - - [24/Nov/2025 19:25:42] "GET /js/owl.carousel.min.js HTTP/1.1" 200 -
::1 - - [24/Nov/2025 19:25:42] "GET /js/simple-skillbar.js HTTP/1.1" 200 -
::1 - - [24/Nov/2025 19:25:42] "GET /js/mail-script.js HTTP/1.1" 200 -
::1 - - [24/Nov/2025 19:25:42] "GET /js/main.js HTTP/1.1" 200 -
::1 - - [24/Nov/2025 19:25:42] "GET /fonts/fontawesome-webfont.woff2?v=4.7.0 HTTP/1.1" 200 -
::1 - - [24/Nov/2025 19:25:42] "GET / HTTP/1.1" 200 -
::1 - - [24/Nov/2025 19:25:42] "GET /css/font-awesome.min.css HTTP/1.1" 200 -
::1 - - [24/Nov/2025 19:25:42] "GET /css/magnific-popup.css HTTP/1.1" 200 -
::1 - - [24/Nov/2025 19:25:42] "GET /css/nice-select.css HTTP/1.1" 200 -
::1 - - [24/Nov/2025 19:25:42] "GET /css/owl.carousel.css HTTP/1.1" 200 -
::1 - - [24/Nov/2025 19:25:42] "GET /css/linearicons.css HTTP/1.1" 200 -
::1 - - [24/Nov/2025 19:25:42] "GET /css/animate.min.css HTTP/1.1" 200 -
::1 - - [24/Nov/2025 19:25:42] "GET /css/bootstrap.css HTTP/1.1" 200 -
::1 - - [24/Nov/2025 19:25:42] "GET /css/main.css HTTP/1.1" 200 -
::1 - - [24/Nov/2025 19:25:42] "GET /img/AshuImg.jpg HTTP/1.1" 200 -
::1 - - [24/Nov/2025 19:25:42] "GET /js/vendor/jquery-2.2.4.min.js HTTP/1.1" 200 -
::1 - - [24/Nov/2025 19:25:42] "GET /js/popper.min.js HTTP/1.1" 200 -
::1 - - [24/Nov/2025 19:25:42] "GET /js/vendor/bootstrap.min.js HTTP/1.1" 200 -
::1 - - [24/Nov/2025 19:25:42] "GET /js/easing.min.js HTTP/1.1" 200 -
::1 - - [24/Nov/2025 19:25:42] "GET /js/hoverIntent.js HTTP/1.1" 200 -
::1 - - [24/Nov/2025 19:25:42] "GET /js/superfish.min.js HTTP/1.1" 200 -
::1 - - [24/Nov/2025 19:25:42] "GET /js/jquery.ajaxchimp.min.js HTTP/1.1" 200 -
::1 - - [24/Nov/2025 19:25:42] "GET /js/jquery.magnific-popup.min.js HTTP/1.1" 200 -
::1 - - [24/Nov/2025 19:25:42] "GET /js/jquery.tabs.min.js HTTP/1.1" 200 -
::1 - - [24/Nov/2025 19:25:42] "GET /js/jquery.nice-select.min.js HTTP/1.1" 200 -
::1 - - [24/Nov/2025 19:25:42] "GET /js/isotope.pkgd.min.js HTTP/1.1" 200 -
::1 - - [24/Nov/2025 19:25:42] "GET /js/waypoints.min.js HTTP/1.1" 200 -
::1 - - [24/Nov/2025 19:25:42] "GET /js/jquery.counterup.min.js HTTP/1.1" 200 -
::1 - - [24/Nov/2025 19:25:42] "GET /js/simple-skillbar.js HTTP/1.1" 200 -
::1 - - [24/Nov/2025 19:25:42] "GET /js/owl.carousel.min.js HTTP/1.1" 200 -
::1 - - [24/Nov/2025 19:25:42] "GET /js/mail-script.js HTTP/1.1" 200 -
::1 - - [24/Nov/2025 19:25:42] "GET /js/main.js HTTP/1.1" 200 -
::1 - - [24/Nov/2025 19:25:42] "GET /fonts/fontawesome-webfont.woff2?v=4.7.0 HTTP/1.1" 200 -
::1 - - [24/Nov/2025 19:25:42] "GET / HTTP/1.1" 200 -
::1 - - [24/Nov/2025 19:25:42] "GET /css/linearicons.css HTTP/1.1" 200 -
::1 - - [24/Nov/2025 19:25:42] "GET /css/bootstrap.css HTTP/1.1" 200 -
::1 - - [24/Nov/2025 19:25:42] "GET /css/font-awesome.min.css HTTP/1.1" 200 -
::1 - - [24/Nov/2025 19:25:42] "GET /css/animate.min.css HTTP/1.1" 200 -
::1 - - [24/Nov/2025 19:25:42] "GET /css/owl.carousel.css HTTP/1.1" 200 -
::1 - - [24/Nov/2025 19:25:42] "GET /css/magnific-popup.css HTTP/1.1" 200 -
::1 - - [24/Nov/2025 19:25:42] "GET /css/main.css HTTP/1.1" 200 -
::1 - - [24/Nov/2025 19:25:42] "GET /css/nice-select.css HTTP/1.1" 200 -
::1 - - [24/Nov/2025 19:25:42] "GET /img/AshuImg.jpg HTTP/1.1" 200 -
::1 - - [24/Nov/2025 19:25:42] "GET /js/vendor/jquery-2.2.4.min.js HTTP/1.1" 200 -
::1 - - [24/Nov/2025 19:25:42] "GET /js/popper.min.js HTTP/1.1" 200 -
::1 - - [24/Nov/2025 19:25:42] "GET /js/vendor/bootstrap.min.js HTTP/1.1" 200 -
::1 - - [24/Nov/2025 19:25:42] "GET /js/easing.min.js HTTP/1.1" 200 -
::1 - - [24/Nov/2025 19:25:42] "GET /js/hoverIntent.js HTTP/1.1" 200 -
::1 - - [24/Nov/2025 19:25:42] "GET /js/superfish.min.js HTTP/1.1" 200 -
::1 - - [24/Nov/2025 19:25:42] "GET /js/jquery.ajaxchimp.min.js HTTP/1.1" 200 -
::1 - - [24/Nov/2025 19:25:42] "GET /js/jquery.magnific-popup.min.js HTTP/1.1" 200 -
::1 - - [24/Nov/2025 19:25:42] "GET /js/jquery.tabs.min.js HTTP/1.1" 200 -
::1 - - [24/Nov/2025 19:25:42] "GET /js/isotope.pkgd.min.js HTTP/1.1" 200 -
::1 - - [24/Nov/2025 19:25:42] "GET /js/jquery.nice-select.min.js HTTP/1.1" 200 -
::1 - - [24/Nov/2025 19:25:42] "GET /js/waypoints.min.js HTTP/1.1" 200 -
::1 - - [24/Nov/2025 19:25:42] "GET /js/jquery.counterup.min.js HTTP/1.1" 200 -
::1 - - [24/Nov/2025 19:25:42] "GET /js/simple-skillbar.js HTTP/1.1" 200 -
::1 - - [24/Nov/2025 19:25:42] "GET /js/owl.carousel.min.js HTTP/1.1" 200 -
::1 - - [24/Nov/2025 19:25:42] "GET /js/mail-script.js HTTP/1.1" 200 -
::1 - - [24/Nov/2025 19:25:42] "GET /js/main.js HTTP/1.1" 200 -
::1 - - [24/Nov/2025 19:25:43] "GET /fonts/fontawesome-webfont.woff2?v=4.7.0 HTTP/1.1" 200 -
::1 - - [24/Nov/2025 19:25:43] "GET /favicon.svg HTTP/1.1" 200 -
::1 - - [24/Nov/2025 19:29:30] "GET / HTTP/1.1" 200 -
::1 - - [24/Nov/2025 19:29:30] "GET /css/main.css HTTP/1.1" 304 -
::1 - - [24/Nov/2025 19:29:30] "GET /site.webmanifest HTTP/1.1" 304 -
::1 - - [24/Nov/2025 19:29:30] "GET /favicon.ico HTTP/1.1" 304 -
::1 - - [24/Nov/2025 19:30:47] "GET /docs/Ashutosh_Resume.pdf HTTP/1.1" 200 -
::1 - - [24/Nov/2025 19:32:10] "GET /docs/After10th.pdf HTTP/1.1" 304 -
::1 - - [24/Nov/2025 19:32:23] "GET /docs/UC-M9VR5MRA.pdf HTTP/1.1" 304 -
::1 - - [24/Nov/2025 19:32:27] "GET /docs/UC-QB6N8WN6.jpg HTTP/1.1" 200 -
